2025.04.16 10:17:53 INFO  Started: Metals version 1.4.2+82-5945f9e0-SNAPSHOT in folders 'C:\Users\jcabr\Documents\PROGRAMACION\NSH' for client Visual Studio Code - Insiders 1.100.0-insider.
2025.04.16 10:17:54 INFO  no build target found for C:\Users\jcabr\Documents\PROGRAMACION\NSH\src\Components\prueba.scala. Using presentation compiler with project's scala-library version: 3.3.4
2025.04.16 10:17:57 INFO  no build target found for C:\Users\jcabr\Documents\PROGRAMACION\NSH\src\Components\prueba.scala. Using presentation compiler with project's scala-library version: 3.3.4
2025.04.16 10:17:57 INFO  no build target found for C:\Users\jcabr\Documents\PROGRAMACION\NSH\src\Components\prueba.scala. Using presentation compiler with project's scala-library version: 3.3.4
2025.04.16 10:17:57 INFO  no build target found for C:\Users\jcabr\Documents\PROGRAMACION\NSH\src\Components\prueba.scala. Using presentation compiler with project's scala-library version: 3.3.4
abr 16, 2025 10:17:57 A. M. org.eclipse.lsp4j.jsonrpc.RemoteEndpoint handleCancellation
ADVERTENCIA: Unmatched cancel notification for request id 1
abr 16, 2025 10:17:57 A. M. org.eclipse.lsp4j.jsonrpc.RemoteEndpoint handleCancellation
ADVERTENCIA: Unmatched cancel notification for request id 4
abr 16, 2025 10:17:57 A. M. org.eclipse.lsp4j.jsonrpc.RemoteEndpoint handleCancellation
ADVERTENCIA: Unmatched cancel notification for request id 7
2025.04.16 10:17:57 INFO  no build target found for C:\Users\jcabr\Documents\PROGRAMACION\NSH\src\Components\prueba.scala. Using presentation compiler with project's scala-library version: 3.3.4
2025.04.16 10:17:57 WARN  Could not find semantic tokens for: file:///C:/Users/jcabr/Documents/PROGRAMACION/NSH/src/Components/prueba.scala
2025.04.16 10:17:59 INFO  no build target found for C:\Users\jcabr\Documents\PROGRAMACION\NSH\src\Components\prueba.scala. Using presentation compiler with project's scala-library version: 3.3.4
2025.04.16 10:17:59 INFO  no build target found for C:\Users\jcabr\Documents\PROGRAMACION\NSH\src\Components\prueba.scala. Using presentation compiler with project's scala-library version: 3.3.4
2025.04.16 10:17:59 INFO  no build target found for C:\Users\jcabr\Documents\PROGRAMACION\NSH\src\Components\prueba.scala. Using presentation compiler with project's scala-library version: 3.3.4
2025.04.16 10:18:01 INFO  no build target found for C:\Users\jcabr\Documents\PROGRAMACION\NSH\src\Components\prueba.scala. Using presentation compiler with project's scala-library version: 3.3.4
2025.04.16 10:18:01 WARN  Could not find semantic tokens for: file:///C:/Users/jcabr/Documents/PROGRAMACION/NSH/src/Components/prueba.scala
2025.04.16 10:18:01 INFO  Running List(C:\Users\jcabr\AppData\Local\Coursier\data\bin\scala-cli.BAT, setup-ide, C:\Users\jcabr\Documents\PROGRAMACION\NSH)
2025.04.16 10:18:01 INFO  Attempting to connect to the build server...
2025.04.16 10:18:01 INFO  Running BSP server List(C:\Users\jcabr\AppData\Local\Coursier\data\bin\.scala-cli.aux.exe, bsp, --json-options, C:\Users\jcabr\Documents\PROGRAMACION\NSH\.scala-build\ide-options-v2.json, --json-launcher-options, C:\Users\jcabr\Documents\PROGRAMACION\NSH\.scala-build\ide-launcher-options.json, --envs-file, C:\Users\jcabr\Documents\PROGRAMACION\NSH\.scala-build\ide-envs.json, C:\Users\jcabr\Documents\PROGRAMACION\NSH)
2025.04.16 10:18:01 INFO  tracing is disabled for protocol BSP, to enable tracing of incoming and outgoing JSON messages create an empty file at C:\Users\jcabr\Documents\PROGRAMACION\NSH\.metals\bsp.trace.json or C:\Users\jcabr\AppData\Local\scalameta\metals\cache\bsp.trace.json
2025.04.16 10:18:03 INFO  no build target found for C:\Users\jcabr\Documents\PROGRAMACION\NSH\src\Components\prueba.scala. Using presentation compiler with project's scala-library version: 3.3.4
2025.04.16 10:18:05 INFO  no build target found for C:\Users\jcabr\Documents\PROGRAMACION\NSH\src\Components\prueba.scala. Using presentation compiler with project's scala-library version: 3.3.4
2025.04.16 10:18:05 WARN  Could not find semantic tokens for: file:///C:/Users/jcabr/Documents/PROGRAMACION/NSH/src/Components/prueba.scala
2025.04.16 10:18:06 INFO  no build target found for C:\Users\jcabr\Documents\PROGRAMACION\NSH\src\Components\prueba.scala. Using presentation compiler with project's scala-library version: 3.3.4
2025.04.16 10:18:06 INFO  no build target found for C:\Users\jcabr\Documents\PROGRAMACION\NSH\src\Components\prueba.scala. Using presentation compiler with project's scala-library version: 3.3.4
2025.04.16 10:18:07 INFO  BSP server: Checking https://github.com/coursier/jvm-index/raw/master/index.json
2025.04.16 10:18:07 INFO  BSP server: Checked https://github.com/coursier/jvm-index/raw/master/index.json
2025.04.16 10:18:07 INFO  BSP server: Downloading https://github.com/coursier/jvm-index/raw/master/index.json
2025.04.16 10:18:07 INFO  BSP server: Downloaded https://github.com/coursier/jvm-index/raw/master/index.json
2025.04.16 10:18:06 INFO  no build target found for C:\Users\jcabr\Documents\PROGRAMACION\NSH\src\Components\prueba.scala. Using presentation compiler with project's scala-library version: 3.3.4
2025.04.16 10:18:07 INFO  no build target found for C:\Users\jcabr\Documents\PROGRAMACION\NSH\src\Components\prueba.scala. Using presentation compiler with project's scala-library version: 3.3.4
2025.04.16 10:18:07 WARN  Could not find semantic tokens for: file:///C:/Users/jcabr/Documents/PROGRAMACION/NSH/src/Components/prueba.scala
2025.04.16 10:18:08 INFO  no build target found for C:\Users\jcabr\Documents\PROGRAMACION\NSH\src\Components\prueba.scala. Using presentation compiler with project's scala-library version: 3.3.4
2025.04.16 10:18:08 INFO  BSP server: Starting compilation server
2025.04.16 10:18:09 INFO  no build target found for C:\Users\jcabr\Documents\PROGRAMACION\NSH\src\Components\prueba.scala. Using presentation compiler with project's scala-library version: 3.3.4
2025.04.16 10:18:09 WARN  Could not find semantic tokens for: file:///C:/Users/jcabr/Documents/PROGRAMACION/NSH/src/Components/prueba.scala
2025.04.16 10:18:09 INFO  no build target found for C:\Users\jcabr\Documents\PROGRAMACION\NSH\src\Components\prueba.scala. Using presentation compiler with project's scala-library version: 3.3.4
2025.04.16 10:18:09 INFO  no build target found for C:\Users\jcabr\Documents\PROGRAMACION\NSH\src\Components\prueba.scala. Using presentation compiler with project's scala-library version: 3.3.4
2025.04.16 10:18:09 INFO  no build target found for C:\Users\jcabr\Documents\PROGRAMACION\NSH\src\Components\prueba.scala. Using presentation compiler with project's scala-library version: 3.3.4
2025.04.16 10:18:09 INFO  no build target found for C:\Users\jcabr\Documents\PROGRAMACION\NSH\src\Components\prueba.scala. Using presentation compiler with project's scala-library version: 3.3.4
2025.04.16 10:18:09 INFO  no build target found for C:\Users\jcabr\Documents\PROGRAMACION\NSH\src\Components\prueba.scala. Using presentation compiler with project's scala-library version: 3.3.4
2025.04.16 10:18:09 INFO  no build target found for C:\Users\jcabr\Documents\PROGRAMACION\NSH\src\Components\prueba.scala. Using presentation compiler with project's scala-library version: 3.3.4
2025.04.16 10:18:09 INFO  no build target found for C:\Users\jcabr\Documents\PROGRAMACION\NSH\src\Components\prueba.scala. Using presentation compiler with project's scala-library version: 3.3.4
2025.04.16 10:18:09 INFO  no build target found for C:\Users\jcabr\Documents\PROGRAMACION\NSH\src\Components\prueba.scala. Using presentation compiler with project's scala-library version: 3.3.4
2025.04.16 10:18:09 INFO  no build target found for C:\Users\jcabr\Documents\PROGRAMACION\NSH\src\Components\prueba.scala. Using presentation compiler with project's scala-library version: 3.3.4
2025.04.16 10:18:09 INFO  no build target found for C:\Users\jcabr\Documents\PROGRAMACION\NSH\src\Components\prueba.scala. Using presentation compiler with project's scala-library version: 3.3.4
2025.04.16 10:18:10 INFO  no build target found for C:\Users\jcabr\Documents\PROGRAMACION\NSH\src\Components\prueba.scala. Using presentation compiler with project's scala-library version: 3.3.4
2025.04.16 10:18:09 INFO  no build target found for C:\Users\jcabr\Documents\PROGRAMACION\NSH\src\Components\prueba.scala. Using presentation compiler with project's scala-library version: 3.3.4
2025.04.16 10:18:09 INFO  no build target found for C:\Users\jcabr\Documents\PROGRAMACION\NSH\src\Components\prueba.scala. Using presentation compiler with project's scala-library version: 3.3.4
2025.04.16 10:18:10 INFO  no build target found for C:\Users\jcabr\Documents\PROGRAMACION\NSH\src\Components\prueba.scala. Using presentation compiler with project's scala-library version: 3.3.4
2025.04.16 10:18:10 INFO  no build target found for C:\Users\jcabr\Documents\PROGRAMACION\NSH\src\Components\prueba.scala. Using presentation compiler with project's scala-library version: 3.3.4
2025.04.16 10:18:10 INFO  no build target found for C:\Users\jcabr\Documents\PROGRAMACION\NSH\src\Components\prueba.scala. Using presentation compiler with project's scala-library version: 3.3.4
2025.04.16 10:18:10 INFO  no build target found for C:\Users\jcabr\Documents\PROGRAMACION\NSH\src\Components\prueba.scala. Using presentation compiler with project's scala-library version: 3.3.4
2025.04.16 10:18:10 INFO  no build target found for C:\Users\jcabr\Documents\PROGRAMACION\NSH\src\Components\prueba.scala. Using presentation compiler with project's scala-library version: 3.3.4
2025.04.16 10:18:10 INFO  no build target found for C:\Users\jcabr\Documents\PROGRAMACION\NSH\src\Components\prueba.scala. Using presentation compiler with project's scala-library version: 3.3.4
2025.04.16 10:18:10 INFO  no build target found for C:\Users\jcabr\Documents\PROGRAMACION\NSH\src\Components\prueba.scala. Using presentation compiler with project's scala-library version: 3.3.4
2025.04.16 10:18:10 INFO  no build target found for C:\Users\jcabr\Documents\PROGRAMACION\NSH\src\Components\prueba.scala. Using presentation compiler with project's scala-library version: 3.3.4
2025.04.16 10:18:10 INFO  no build target found for C:\Users\jcabr\Documents\PROGRAMACION\NSH\src\Components\prueba.scala. Using presentation compiler with project's scala-library version: 3.3.4
2025.04.16 10:18:10 INFO  no build target found for C:\Users\jcabr\Documents\PROGRAMACION\NSH\src\Components\prueba.scala. Using presentation compiler with project's scala-library version: 3.3.4
2025.04.16 10:18:10 INFO  no build target found for C:\Users\jcabr\Documents\PROGRAMACION\NSH\src\Components\prueba.scala. Using presentation compiler with project's scala-library version: 3.3.4
2025.04.16 10:18:10 INFO  no build target found for C:\Users\jcabr\Documents\PROGRAMACION\NSH\src\Components\prueba.scala. Using presentation compiler with project's scala-library version: 3.3.4
2025.04.16 10:18:11 INFO  no build target found for C:\Users\jcabr\Documents\PROGRAMACION\NSH\src\Components\prueba.scala. Using presentation compiler with project's scala-library version: 3.3.4
2025.04.16 10:18:12 INFO  no build target found for C:\Users\jcabr\Documents\PROGRAMACION\NSH\src\Components\prueba.scala. Using presentation compiler with project's scala-library version: 3.3.4
2025.04.16 10:18:12 INFO  no build target found for C:\Users\jcabr\Documents\PROGRAMACION\NSH\src\Components\prueba.scala. Using presentation compiler with project's scala-library version: 3.3.4
2025.04.16 10:18:12 INFO  no build target found for C:\Users\jcabr\Documents\PROGRAMACION\NSH\src\Components\prueba.scala. Using presentation compiler with project's scala-library version: 3.3.4
2025.04.16 10:18:12 INFO  no build target found for C:\Users\jcabr\Documents\PROGRAMACION\NSH\src\Components\prueba.scala. Using presentation compiler with project's scala-library version: 3.3.4
2025.04.16 10:18:12 INFO  no build target found for C:\Users\jcabr\Documents\PROGRAMACION\NSH\src\Components\prueba.scala. Using presentation compiler with project's scala-library version: 3.3.4
2025.04.16 10:18:12 INFO  no build target found for C:\Users\jcabr\Documents\PROGRAMACION\NSH\src\Components\prueba.scala. Using presentation compiler with project's scala-library version: 3.3.4
2025.04.16 10:18:13 INFO  no build target found for C:\Users\jcabr\Documents\PROGRAMACION\NSH\src\Components\prueba.scala. Using presentation compiler with project's scala-library version: 3.3.4
2025.04.16 10:18:13 INFO  no build target found for C:\Users\jcabr\Documents\PROGRAMACION\NSH\src\Components\prueba.scala. Using presentation compiler with project's scala-library version: 3.3.4
2025.04.16 10:18:13 INFO  no build target found for C:\Users\jcabr\Documents\PROGRAMACION\NSH\src\Components\prueba.scala. Using presentation compiler with project's scala-library version: 3.3.4
2025.04.16 10:18:13 INFO  no build target found for C:\Users\jcabr\Documents\PROGRAMACION\NSH\src\Components\prueba.scala. Using presentation compiler with project's scala-library version: 3.3.4
2025.04.16 10:18:13 INFO  no build target found for C:\Users\jcabr\Documents\PROGRAMACION\NSH\src\Components\prueba.scala. Using presentation compiler with project's scala-library version: 3.3.4
2025.04.16 10:18:13 INFO  no build target found for C:\Users\jcabr\Documents\PROGRAMACION\NSH\src\Components\prueba.scala. Using presentation compiler with project's scala-library version: 3.3.4
2025.04.16 10:18:13 INFO  no build target found for C:\Users\jcabr\Documents\PROGRAMACION\NSH\src\Components\prueba.scala. Using presentation compiler with project's scala-library version: 3.3.4
2025.04.16 10:18:13 INFO  no build target found for C:\Users\jcabr\Documents\PROGRAMACION\NSH\src\Components\prueba.scala. Using presentation compiler with project's scala-library version: 3.3.4
2025.04.16 10:18:13 INFO  no build target found for C:\Users\jcabr\Documents\PROGRAMACION\NSH\src\Components\prueba.scala. Using presentation compiler with project's scala-library version: 3.3.4
2025.04.16 10:18:14 INFO  no build target found for C:\Users\jcabr\Documents\PROGRAMACION\NSH\src\Components\prueba.scala. Using presentation compiler with project's scala-library version: 3.3.4
2025.04.16 10:18:13 INFO  no build target found for C:\Users\jcabr\Documents\PROGRAMACION\NSH\src\Components\prueba.scala. Using presentation compiler with project's scala-library version: 3.3.4
2025.04.16 10:18:13 INFO  no build target found for C:\Users\jcabr\Documents\PROGRAMACION\NSH\src\Components\prueba.scala. Using presentation compiler with project's scala-library version: 3.3.4
2025.04.16 10:18:13 INFO  no build target found for C:\Users\jcabr\Documents\PROGRAMACION\NSH\src\Components\prueba.scala. Using presentation compiler with project's scala-library version: 3.3.4
2025.04.16 10:18:14 INFO  no build target found for C:\Users\jcabr\Documents\PROGRAMACION\NSH\src\Components\prueba.scala. Using presentation compiler with project's scala-library version: 3.3.4
2025.04.16 10:18:14 INFO  no build target found for C:\Users\jcabr\Documents\PROGRAMACION\NSH\src\Components\prueba.scala. Using presentation compiler with project's scala-library version: 3.3.4
2025.04.16 10:18:14 INFO  no build target found for C:\Users\jcabr\Documents\PROGRAMACION\NSH\src\Components\prueba.scala. Using presentation compiler with project's scala-library version: 3.3.4
2025.04.16 10:18:14 INFO  no build target found for C:\Users\jcabr\Documents\PROGRAMACION\NSH\src\Components\prueba.scala. Using presentation compiler with project's scala-library version: 3.3.4
2025.04.16 10:18:14 INFO  no build target found for C:\Users\jcabr\Documents\PROGRAMACION\NSH\src\Components\prueba.scala. Using presentation compiler with project's scala-library version: 3.3.4
2025.04.16 10:18:14 INFO  no build target found for C:\Users\jcabr\Documents\PROGRAMACION\NSH\src\Components\prueba.scala. Using presentation compiler with project's scala-library version: 3.3.4
2025.04.16 10:18:14 INFO  no build target found for C:\Users\jcabr\Documents\PROGRAMACION\NSH\src\Components\prueba.scala. Using presentation compiler with project's scala-library version: 3.3.4
2025.04.16 10:18:14 INFO  no build target found for C:\Users\jcabr\Documents\PROGRAMACION\NSH\src\Components\prueba.scala. Using presentation compiler with project's scala-library version: 3.3.4
2025.04.16 10:18:15 INFO  no build target found for C:\Users\jcabr\Documents\PROGRAMACION\NSH\src\Components\prueba.scala. Using presentation compiler with project's scala-library version: 3.3.4
2025.04.16 10:18:14 INFO  no build target found for C:\Users\jcabr\Documents\PROGRAMACION\NSH\src\Components\prueba.scala. Using presentation compiler with project's scala-library version: 3.3.4
2025.04.16 10:18:14 INFO  no build target found for C:\Users\jcabr\Documents\PROGRAMACION\NSH\src\Components\prueba.scala. Using presentation compiler with project's scala-library version: 3.3.4
2025.04.16 10:18:14 INFO  no build target found for C:\Users\jcabr\Documents\PROGRAMACION\NSH\src\Components\prueba.scala. Using presentation compiler with project's scala-library version: 3.3.4
2025.04.16 10:18:15 INFO  no build target found for C:\Users\jcabr\Documents\PROGRAMACION\NSH\src\Components\prueba.scala. Using presentation compiler with project's scala-library version: 3.3.4
2025.04.16 10:18:15 INFO  no build target found for C:\Users\jcabr\Documents\PROGRAMACION\NSH\src\Components\prueba.scala. Using presentation compiler with project's scala-library version: 3.3.4
2025.04.16 10:18:15 INFO  no build target found for C:\Users\jcabr\Documents\PROGRAMACION\NSH\src\Components\prueba.scala. Using presentation compiler with project's scala-library version: 3.3.4
2025.04.16 10:18:15 INFO  no build target found for C:\Users\jcabr\Documents\PROGRAMACION\NSH\src\Components\prueba.scala. Using presentation compiler with project's scala-library version: 3.3.4
2025.04.16 10:18:16 INFO  no build target found for C:\Users\jcabr\Documents\PROGRAMACION\NSH\src\Components\prueba.scala. Using presentation compiler with project's scala-library version: 3.3.4
2025.04.16 10:18:15 INFO  no build target found for C:\Users\jcabr\Documents\PROGRAMACION\NSH\src\Components\prueba.scala. Using presentation compiler with project's scala-library version: 3.3.4
2025.04.16 10:18:15 INFO  no build target found for C:\Users\jcabr\Documents\PROGRAMACION\NSH\src\Components\prueba.scala. Using presentation compiler with project's scala-library version: 3.3.4
2025.04.16 10:18:15 INFO  no build target found for C:\Users\jcabr\Documents\PROGRAMACION\NSH\src\Components\prueba.scala. Using presentation compiler with project's scala-library version: 3.3.4
2025.04.16 10:18:15 INFO  no build target found for C:\Users\jcabr\Documents\PROGRAMACION\NSH\src\Components\prueba.scala. Using presentation compiler with project's scala-library version: 3.3.4
2025.04.16 10:18:15 INFO  no build target found for C:\Users\jcabr\Documents\PROGRAMACION\NSH\src\Components\prueba.scala. Using presentation compiler with project's scala-library version: 3.3.4
2025.04.16 10:18:16 INFO  no build target found for C:\Users\jcabr\Documents\PROGRAMACION\NSH\src\Components\prueba.scala. Using presentation compiler with project's scala-library version: 3.3.4
2025.04.16 10:18:16 INFO  no build target found for C:\Users\jcabr\Documents\PROGRAMACION\NSH\src\Components\prueba.scala. Using presentation compiler with project's scala-library version: 3.3.4
2025.04.16 10:18:16 INFO  no build target found for C:\Users\jcabr\Documents\PROGRAMACION\NSH\src\Components\prueba.scala. Using presentation compiler with project's scala-library version: 3.3.4
2025.04.16 10:18:16 INFO  no build target found for C:\Users\jcabr\Documents\PROGRAMACION\NSH\src\Components\prueba.scala. Using presentation compiler with project's scala-library version: 3.3.4
2025.04.16 10:18:17 INFO  no build target found for C:\Users\jcabr\Documents\PROGRAMACION\NSH\src\Components\prueba.scala. Using presentation compiler with project's scala-library version: 3.3.4
2025.04.16 10:18:16 INFO  no build target found for C:\Users\jcabr\Documents\PROGRAMACION\NSH\src\Components\prueba.scala. Using presentation compiler with project's scala-library version: 3.3.4
2025.04.16 10:18:16 INFO  no build target found for C:\Users\jcabr\Documents\PROGRAMACION\NSH\src\Components\prueba.scala. Using presentation compiler with project's scala-library version: 3.3.4
2025.04.16 10:18:16 INFO  no build target found for C:\Users\jcabr\Documents\PROGRAMACION\NSH\src\Components\prueba.scala. Using presentation compiler with project's scala-library version: 3.3.4
2025.04.16 10:18:16 INFO  no build target found for C:\Users\jcabr\Documents\PROGRAMACION\NSH\src\Components\prueba.scala. Using presentation compiler with project's scala-library version: 3.3.4
2025.04.16 10:18:17 INFO  no build target found for C:\Users\jcabr\Documents\PROGRAMACION\NSH\src\Components\prueba.scala. Using presentation compiler with project's scala-library version: 3.3.4
2025.04.16 10:18:17 INFO  no build target found for C:\Users\jcabr\Documents\PROGRAMACION\NSH\src\Components\prueba.scala. Using presentation compiler with project's scala-library version: 3.3.4
2025.04.16 10:18:17 INFO  no build target found for C:\Users\jcabr\Documents\PROGRAMACION\NSH\src\Components\prueba.scala. Using presentation compiler with project's scala-library version: 3.3.4
2025.04.16 10:18:18 INFO  no build target found for C:\Users\jcabr\Documents\PROGRAMACION\NSH\src\Components\prueba.scala. Using presentation compiler with project's scala-library version: 3.3.4
2025.04.16 10:18:17 INFO  no build target found for C:\Users\jcabr\Documents\PROGRAMACION\NSH\src\Components\prueba.scala. Using presentation compiler with project's scala-library version: 3.3.4
2025.04.16 10:18:17 INFO  no build target found for C:\Users\jcabr\Documents\PROGRAMACION\NSH\src\Components\prueba.scala. Using presentation compiler with project's scala-library version: 3.3.4
2025.04.16 10:18:17 INFO  no build target found for C:\Users\jcabr\Documents\PROGRAMACION\NSH\src\Components\prueba.scala. Using presentation compiler with project's scala-library version: 3.3.4
abr 16, 2025 10:18:18 A. M. org.eclipse.lsp4j.jsonrpc.RemoteEndpoint handleCancellation
ADVERTENCIA: Unmatched cancel notification for request id 163
2025.04.16 10:18:17 INFO  no build target found for C:\Users\jcabr\Documents\PROGRAMACION\NSH\src\Components\prueba.scala. Using presentation compiler with project's scala-library version: 3.3.4
2025.04.16 10:18:18 INFO  no build target found for C:\Users\jcabr\Documents\PROGRAMACION\NSH\src\Components\prueba.scala. Using presentation compiler with project's scala-library version: 3.3.4
2025.04.16 10:18:17 INFO  no build target found for C:\Users\jcabr\Documents\PROGRAMACION\NSH\src\Components\prueba.scala. Using presentation compiler with project's scala-library version: 3.3.4
2025.04.16 10:18:18 INFO  no build target found for C:\Users\jcabr\Documents\PROGRAMACION\NSH\src\Components\prueba.scala. Using presentation compiler with project's scala-library version: 3.3.4
2025.04.16 10:18:19 INFO  no build target found for C:\Users\jcabr\Documents\PROGRAMACION\NSH\src\Components\prueba.scala. Using presentation compiler with project's scala-library version: 3.3.4
2025.04.16 10:18:18 INFO  no build target found for C:\Users\jcabr\Documents\PROGRAMACION\NSH\src\Components\prueba.scala. Using presentation compiler with project's scala-library version: 3.3.4
2025.04.16 10:18:18 INFO  no build target found for C:\Users\jcabr\Documents\PROGRAMACION\NSH\src\Components\prueba.scala. Using presentation compiler with project's scala-library version: 3.3.4
2025.04.16 10:18:19 INFO  no build target found for C:\Users\jcabr\Documents\PROGRAMACION\NSH\src\Components\prueba.scala. Using presentation compiler with project's scala-library version: 3.3.4
2025.04.16 10:18:18 INFO  no build target found for C:\Users\jcabr\Documents\PROGRAMACION\NSH\src\Components\prueba.scala. Using presentation compiler with project's scala-library version: 3.3.4
2025.04.16 10:18:18 INFO  no build target found for C:\Users\jcabr\Documents\PROGRAMACION\NSH\src\Components\prueba.scala. Using presentation compiler with project's scala-library version: 3.3.4
2025.04.16 10:18:19 INFO  no build target found for C:\Users\jcabr\Documents\PROGRAMACION\NSH\src\Components\prueba.scala. Using presentation compiler with project's scala-library version: 3.3.4
2025.04.16 10:18:20 INFO  no build target found for C:\Users\jcabr\Documents\PROGRAMACION\NSH\src\Components\prueba.scala. Using presentation compiler with project's scala-library version: 3.3.4
2025.04.16 10:18:20 INFO  no build target found for C:\Users\jcabr\Documents\PROGRAMACION\NSH\src\Components\prueba.scala. Using presentation compiler with project's scala-library version: 3.3.4
2025.04.16 10:18:21 INFO  no build target found for C:\Users\jcabr\Documents\PROGRAMACION\NSH\src\Components\prueba.scala. Using presentation compiler with project's scala-library version: 3.3.4
2025.04.16 10:18:23 INFO  no build target found for C:\Users\jcabr\Documents\PROGRAMACION\NSH\src\Components\prueba.scala. Using presentation compiler with project's scala-library version: 3.3.4
2025.04.16 10:18:23 INFO  no build target found for C:\Users\jcabr\Documents\PROGRAMACION\NSH\src\Components\prueba.scala. Using presentation compiler with project's scala-library version: 3.3.4
2025.04.16 10:18:23 INFO  no build target found for C:\Users\jcabr\Documents\PROGRAMACION\NSH\src\Components\prueba.scala. Using presentation compiler with project's scala-library version: 3.3.4
2025.04.16 10:18:24 INFO  time: Connected to build server in 22s
2025.04.16 10:18:24 INFO  Connected to Build server: scala-cli v1.6.1
2025.04.16 10:18:24 INFO  time: Imported build in 0.32s
2025.04.16 10:18:24 INFO  running doctor check
2025.04.16 10:18:24 INFO  java targets: NSH_4383333cfc-test, NSH_4383333cfc
2025.04.16 10:18:26 INFO  compiling nsh_4383333cfc (1 scala source)
2025.04.16 10:18:28 INFO  time: compiled NSH_4383333cfc in 2.13s
2025.04.16 10:18:32 INFO  time: indexed workspace in 8.44s
abr 16, 2025 3:34:35 P. M. org.eclipse.lsp4j.jsonrpc.RemoteEndpoint handleCancellation
ADVERTENCIA: Unmatched cancel notification for request id 543
abr 16, 2025 3:34:35 P. M. org.eclipse.lsp4j.jsonrpc.RemoteEndpoint handleCancellation
ADVERTENCIA: Unmatched cancel notification for request id 544
2025.04.18 02:01:04 INFO  Cancelling compilation on scala-cli server
2025.04.18 02:01:05 INFO  time: Imported build in 0.5s
2025.04.18 02:01:05 INFO  time: Imported build in 0.5s
2025.04.18 02:01:05 INFO  running doctor check
2025.04.18 02:01:05 INFO  running doctor check
2025.04.18 02:01:05 INFO  java targets: NSH_4383333cfc-test, NSH_4383333cfc
2025.04.18 02:01:05 INFO  java targets: NSH_4383333cfc-test, NSH_4383333cfc
2025.04.18 02:01:06 INFO  time: indexed workspace in 1.3s
2025.04.18 02:01:06 INFO  time: indexed workspace in 1.31s
2025.04.18 03:55:25 INFO  compiling nsh_4383333cfc (1 scala source)
2025.04.18 03:55:25 INFO  time: compiled NSH_4383333cfc in 0.48s
2025.04.18 03:55:25 INFO  time: Imported build in 0.6s
2025.04.18 03:55:25 INFO  running doctor check
2025.04.18 03:55:25 INFO  java targets: NSH_4383333cfc-test, NSH_4383333cfc
2025.04.18 03:55:26 INFO  time: indexed workspace in 1.2s
2025.04.18 03:55:30 INFO  Cancelling compilation on scala-cli server
2025.04.18 03:55:30 INFO  running doctor check
2025.04.18 03:55:30 INFO  java targets: NSH_4383333cfc-test, NSH_4383333cfc
2025.04.18 03:55:30 INFO  time: indexed workspace in 0.78s
